# JRE version: OpenJDK Runtime Environment (24.0+36) (build 24+36-3646)
# Java VM: OpenJDK 64-Bit Server VM (24+36-3646, mixed mode, sharing, tiered, compressed oops, compressed class ptrs, g1 gc, windows-amd64)
GC Precious Log:
 CardTable entry size: 512
 Card Set container configuration: InlinePtr #cards 4 size 8 Array Of Cards #cards 32 size 80 Howl #buckets 8 coarsen threshold 7372 Howl Bitmap #cards 1024 size 144 coarsen threshold 921 Card regions per heap region 1 cards per card region 8192
 CPUs: 12 total, 12 available
 Memory: 32361M
 Large Page Support: Disabled
 NUMA Support: Disabled
 Compressed Oops: Enabled (Zero based)
 Heap Region Size: 4M
 Heap Min Capacity: 8M
 Heap Initial Capacity: 508M
 Heap Max Capacity: 8092M
 Pre-touch: Disabled
 Parallel Workers: 10
 Concurrent Workers: 3
 Concurrent Refinement Workers: 10
 Periodic GC: Disabled
Heap:
 garbage-first heap   total reserved 8286208K, committed 233472K, used 156871K [0x0000000606400000, 0x0000000800000000)
  region size 4096K, 27 young (110592K), 3 survivors (12288K)
 Metaspace       used 96165K, committed 97152K, reserved 1179648K
  class space    used 10407K, committed 10880K, reserved 1048576K
GC Heap History (20 events):
Event: 5.703 GC heap before
{Heap before GC invocations=20 (full 0):
 garbage-first heap   total reserved 8286208K, committed 143360K, used 107152K [0x0000000606400000, 0x0000000800000000)
  region size 4096K, 7 young (28672K), 1 survivors (4096K)
 Metaspace       used 76001K, committed 76544K, reserved 1179648K
  class space    used 8443K, committed 8704K, reserved 1048576K
}
Event: 5.707 GC heap after
{Heap after GC invocations=21 (full 0):
 garbage-first heap   total reserved 8286208K, committed 143360K, used 90734K [0x0000000606400000, 0x0000000800000000)
  region size 4096K, 1 young (4096K), 1 survivors (4096K)
 Metaspace       used 76001K, committed 76544K, reserved 1179648K
  class space    used 8443K, committed 8704K, reserved 1048576K
}
Event: 5.720 GC heap before
{Heap before GC invocations=21 (full 0):
 garbage-first heap   total reserved 8286208K, committed 143360K, used 111214K [0x0000000606400000, 0x0000000800000000)
  region size 4096K, 7 young (28672K), 1 survivors (4096K)
 Metaspace       used 76001K, committed 76544K, reserved 1179648K
  class space    used 8443K, committed 8704K, reserved 1048576K
}
Event: 5.725 GC heap after
{Heap after GC invocations=22 (full 0):
 garbage-first heap   total reserved 8286208K, committed 339968K, used 102001K [0x0000000606400000, 0x0000000800000000)
  region size 4096K, 1 young (4096K), 1 survivors (4096K)
 Metaspace       used 76001K, committed 76544K, reserved 1179648K
  class space    used 8443K, committed 8704K, reserved 1048576K
}
Event: 5.953 GC heap before
{Heap before GC invocations=22 (full 0):
 garbage-first heap   total reserved 8286208K, committed 339968K, used 245361K [0x0000000606400000, 0x0000000800000000)
  region size 4096K, 37 young (151552K), 1 survivors (4096K)
 Metaspace       used 77963K, committed 78528K, reserved 1179648K
  class space    used 8648K, committed 8896K, reserved 1048576K
}
Event: 5.966 GC heap after
{Heap after GC invocations=23 (full 0):
 garbage-first heap   total reserved 8286208K, committed 339968K, used 143860K [0x0000000606400000, 0x0000000800000000)
  region size 4096K, 5 young (20480K), 5 survivors (20480K)
 Metaspace       used 77963K, committed 78528K, reserved 1179648K
  class space    used 8648K, committed 8896K, reserved 1048576K
}
Event: 468.311 GC heap before
{Heap before GC invocations=24 (full 0):
 garbage-first heap   total reserved 8286208K, committed 339968K, used 225780K [0x0000000606400000, 0x0000000800000000)
  region size 4096K, 29 young (118784K), 5 survivors (20480K)
 Metaspace       used 90420K, committed 91072K, reserved 1179648K
  class space    used 10035K, committed 10304K, reserved 1048576K
}
Event: 468.320 GC heap after
{Heap after GC invocations=25 (full 0):
 garbage-first heap   total reserved 8286208K, committed 339968K, used 138036K [0x0000000606400000, 0x0000000800000000)
  region size 4096K, 3 young (12288K), 3 survivors (12288K)
 Metaspace       used 90420K, committed 91072K, reserved 1179648K
  class space    used 10035K, committed 10304K, reserved 1048576K
}
Event: 499.647 GC heap before
{Heap before GC invocations=25 (full 0):
 garbage-first heap   total reserved 8286208K, committed 339968K, used 252724K [0x0000000606400000, 0x0000000800000000)
  region size 4096K, 31 young (126976K), 3 survivors (12288K)
 Metaspace       used 93715K, committed 94528K, reserved 1179648K
  class space    used 10200K, committed 10560K, reserved 1048576K
}
Event: 499.650 GC heap after
{Heap after GC invocations=26 (full 0):
 garbage-first heap   total reserved 8286208K, committed 339968K, used 121143K [0x0000000606400000, 0x0000000800000000)
  region size 4096K, 2 young (8192K), 2 survivors (8192K)
 Metaspace       used 93715K, committed 94528K, reserved 1179648K
  class space    used 10200K, committed 10560K, reserved 1048576K
}
Event: 501.670 GC heap before
{Heap before GC invocations=26 (full 0):
 garbage-first heap   total reserved 8286208K, committed 339968K, used 256311K [0x0000000606400000, 0x0000000800000000)
  region size 4096K, 35 young (143360K), 2 survivors (8192K)
 Metaspace       used 95014K, committed 95936K, reserved 1179648K
  class space    used 10273K, committed 10688K, reserved 1048576K
}
Event: 501.672 GC heap after
{Heap after GC invocations=27 (full 0):
 garbage-first heap   total reserved 8286208K, committed 339968K, used 121498K [0x0000000606400000, 0x0000000800000000)
  region size 4096K, 3 young (12288K), 3 survivors (12288K)
 Metaspace       used 95014K, committed 95936K, reserved 1179648K
  class space    used 10273K, committed 10688K, reserved 1048576K
}
Event: 743.486 GC heap before
{Heap before GC invocations=28 (full 0):
 garbage-first heap   total reserved 8286208K, committed 339968K, used 264858K [0x0000000606400000, 0x0000000800000000)
  region size 4096K, 38 young (155648K), 3 survivors (12288K)
 Metaspace       used 95654K, committed 96640K, reserved 1179648K
  class space    used 10341K, committed 10816K, reserved 1048576K
}
Event: 743.489 GC heap after
{Heap after GC invocations=29 (full 0):
 garbage-first heap   total reserved 8286208K, committed 339968K, used 121677K [0x0000000606400000, 0x0000000800000000)
  region size 4096K, 3 young (12288K), 3 survivors (12288K)
 Metaspace       used 95654K, committed 96640K, reserved 1179648K
  class space    used 10341K, committed 10816K, reserved 1048576K
}
Event: 842.121 GC heap before
{Heap before GC invocations=29 (full 0):
 garbage-first heap   total reserved 8286208K, committed 339968K, used 273229K [0x0000000606400000, 0x0000000800000000)
  region size 4096K, 40 young (163840K), 3 survivors (12288K)
 Metaspace       used 96078K, committed 97024K, reserved 1179648K
  class space    used 10399K, committed 10880K, reserved 1048576K
}
Event: 842.124 GC heap after
{Heap after GC invocations=30 (full 0):
 garbage-first heap   total reserved 8286208K, committed 339968K, used 85456K [0x0000000606400000, 0x0000000800000000)
  region size 4096K, 3 young (12288K), 3 survivors (12288K)
 Metaspace       used 96078K, committed 97024K, reserved 1179648K
  class space    used 10399K, committed 10880K, reserved 1048576K
}
Event: 1099.585 GC heap before
{Heap before GC invocations=30 (full 0):
 garbage-first heap   total reserved 8286208K, committed 339968K, used 261584K [0x0000000606400000, 0x0000000800000000)
  region size 4096K, 46 young (188416K), 3 survivors (12288K)
 Metaspace       used 96118K, committed 97152K, reserved 1179648K
  class space    used 10404K, committed 10880K, reserved 1048576K
}
Event: 1099.589 GC heap after
{Heap after GC invocations=31 (full 0):
 garbage-first heap   total reserved 8286208K, committed 339968K, used 62461K [0x0000000606400000, 0x0000000800000000)
  region size 4096K, 2 young (8192K), 2 survivors (8192K)
 Metaspace       used 96118K, committed 97152K, reserved 1179648K
  class space    used 10404K, committed 10880K, reserved 1048576K
}
Event: 1102.424 GC heap before
{Heap before GC invocations=31 (full 0):
 garbage-first heap   total reserved 8286208K, committed 339968K, used 250877K [0x0000000606400000, 0x0000000800000000)
  region size 4096K, 49 young (200704K), 2 survivors (8192K)
 Metaspace       used 96132K, committed 97152K, reserved 1179648K
  class space    used 10405K, committed 10880K, reserved 1048576K
}
Event: 1102.428 GC heap after
{Heap after GC invocations=32 (full 0):
 garbage-first heap   total reserved 8286208K, committed 339968K, used 62663K [0x0000000606400000, 0x0000000800000000)
  region size 4096K, 3 young (12288K), 3 survivors (12288K)
 Metaspace       used 96132K, committed 97152K, reserved 1179648K
  class space    used 10405K, committed 10880K, reserved 1048576K
}

